Start testing: Feb 23 13:33 UTC
----------------------------------------------------------
1/6 Testing: sjs_test_geometry
1/6 Test: sjs_test_geometry
Command: "/home/dhy/PhD/Comp-26.2.23/SJS-2D/build/tests/sjs_test_geometry"
Directory: /home/dhy/PhD/Comp-26.2.23/SJS-2D/build/tests
"sjs_test_geometry" start time: Feb 23 13:33 UTC
Output:
----------------------------------------------------------
[OK] test_geometry
<end of output>
Test time =   0.00 sec
----------------------------------------------------------
Test Passed.
"sjs_test_geometry" end time: Feb 23 13:33 UTC
"sjs_test_geometry" time elapsed: 00:00:00
----------------------------------------------------------

2/6 Testing: sjs_test_event_sweep
2/6 Test: sjs_test_event_sweep
Command: "/home/dhy/PhD/Comp-26.2.23/SJS-2D/build/tests/sjs_test_event_sweep"
Directory: /home/dhy/PhD/Comp-26.2.23/SJS-2D/build/tests
"sjs_test_event_sweep" start time: Feb 23 13:33 UTC
Output:
----------------------------------------------------------
[OK] test_event_sweep
<end of output>
Test time =   0.00 sec
----------------------------------------------------------
Test Passed.
"sjs_test_event_sweep" end time: Feb 23 13:33 UTC
"sjs_test_event_sweep" time elapsed: 00:00:00
----------------------------------------------------------

3/6 Testing: sjs_test_join_oracle
3/6 Test: sjs_test_join_oracle
Command: "/home/dhy/PhD/Comp-26.2.23/SJS-2D/build/tests/sjs_test_join_oracle"
Directory: /home/dhy/PhD/Comp-26.2.23/SJS-2D/build/tests
"sjs_test_join_oracle" start time: Feb 23 13:33 UTC
Output:
----------------------------------------------------------
[OK] test_join_oracle
<end of output>
Test time =   0.00 sec
----------------------------------------------------------
Test Passed.
"sjs_test_join_oracle" end time: Feb 23 13:33 UTC
"sjs_test_join_oracle" time elapsed: 00:00:00
----------------------------------------------------------

4/6 Testing: sjs_test_sampling_quality
4/6 Test: sjs_test_sampling_quality
Command: "/home/dhy/PhD/Comp-26.2.23/SJS-2D/build/tests/sjs_test_sampling_quality"
Directory: /home/dhy/PhD/Comp-26.2.23/SJS-2D/build/tests
"sjs_test_sampling_quality" start time: Feb 23 13:33 UTC
Output:
----------------------------------------------------------
[OK] test_sampling_quality
<end of output>
Test time =   0.00 sec
----------------------------------------------------------
Test Passed.
"sjs_test_sampling_quality" end time: Feb 23 13:33 UTC
"sjs_test_sampling_quality" time elapsed: 00:00:00
----------------------------------------------------------

5/6 Testing: sjs_test_baselines_smoke
5/6 Test: sjs_test_baselines_smoke
Command: "/home/dhy/PhD/Comp-26.2.23/SJS-2D/build/tests/sjs_test_baselines_smoke"
Directory: /home/dhy/PhD/Comp-26.2.23/SJS-2D/build/tests
"sjs_test_baselines_smoke" start time: Feb 23 13:33 UTC
Output:
----------------------------------------------------------
[OK] baseline ours/sampling
[OK] baseline ours/enum_sampling
[OK] baseline ours/adaptive
[OK] baseline range_tree/sampling
[OK] baseline range_tree/enum_sampling
[OK] baseline range_tree/adaptive
[OK] baseline kd_tree/sampling
[OK] test_baselines_smoke
<end of output>
Test time =   0.15 sec
----------------------------------------------------------
Test Passed.
"sjs_test_baselines_smoke" end time: Feb 23 13:33 UTC
"sjs_test_baselines_smoke" time elapsed: 00:00:00
----------------------------------------------------------

6/6 Testing: sjs_test_write_results
6/6 Test: sjs_test_write_results
Command: "/home/dhy/PhD/Comp-26.2.23/SJS-2D/build/tests/sjs_test_write_results"
Directory: /home/dhy/PhD/Comp-26.2.23/SJS-2D/build/tests
"sjs_test_write_results" start time: Feb 23 13:33 UTC
Output:
----------------------------------------------------------
[OK] test_write_results
<end of output>
Test time =   0.00 sec
----------------------------------------------------------
Test Passed.
"sjs_test_write_results" end time: Feb 23 13:33 UTC
"sjs_test_write_results" time elapsed: 00:00:00
----------------------------------------------------------

End testing: Feb 23 13:33 UTC
